[22:49:47] [main/INFO] (FabricLoader/GameProvider) Loading Minecraft 1.21.4 with Fabric Loader 0.18.4
[22:49:47] [main/WARN] (FabricLoader/Knot) Ignoring invalid library path c:\Users\user\.vscode\extensions\vscjava.vscode-java-debug-0.58.5\bundled\scripts\noConfigScriptsc:\Users\user\.vscode\extensions\ms-python.debugpy-2025.18.0-win32-x64\bundled\scripts\noConfigScripts
[22:49:48] [main/INFO] (FabricLoader) Loading 60 mods:
	- cloth-basic-math 0.6.1
	- cloth-config 17.0.144
	- devauth 1.2.2
	   |-- com_electronwill_night-config_core 3.6.5
	   |-- com_electronwill_night-config_toml 3.6.5
	   \-- me_djtheredstoner_common 1.2.2
	- fabric-api 0.119.4+1.21.4
	   |-- fabric-api-lookup-api-v1 1.6.86+b1caf1e904
	   |-- fabric-biome-api-v1 15.0.6+b1c29d8e04
	   |-- fabric-block-api-v1 1.0.31+7feeb73304
	   |-- fabric-block-view-api-v2 1.0.20+9c49cc8c04
	   |-- fabric-blockrenderlayer-v1 2.0.8+7feeb73304
	   |-- fabric-client-tags-api-v1 1.1.29+20ea1e2304
	   |-- fabric-command-api-v1 1.2.62+f71b366f04
	   |-- fabric-commands-v0 0.2.79+df3654b304
	   |-- fabric-content-registries-v0 9.1.19+25d1a67604
	   |-- fabric-convention-tags-v1 2.1.20+7f945d5b04
	   |-- fabric-convention-tags-v2 2.14.1+aebda09404
	   |-- fabric-crash-report-info-v1 0.3.6+7feeb73304
	   |-- fabric-data-attachment-api-v1 1.6.2+e99da0f704
	   |-- fabric-data-generation-api-v1 22.3.1+0f4e5f5504
	   |-- fabric-dimensions-v1 4.0.10+7feeb73304
	   |-- fabric-entity-events-v1 2.0.15+62245bef04
	   |-- fabric-events-interaction-v0 4.0.4+a4eebcf004
	   |-- fabric-game-rule-api-v1 1.0.63+7d48d43904
	   |-- fabric-item-api-v1 11.4.0+189dd6fe04
	   |-- fabric-item-group-api-v1 4.2.2+fcb9601404
	   |-- fabric-keybindings-v0 0.2.55+df3654b304
	   |-- fabric-loot-api-v2 3.0.38+3f89f5a504
	   |-- fabric-loot-api-v3 1.0.26+203e6b2304
	   |-- fabric-message-api-v1 6.0.26+238a33c004
	   |-- fabric-model-loading-api-v1 4.3.0+ae23723504
	   |-- fabric-networking-api-v1 4.4.0+db5e668204
	   |-- fabric-object-builder-api-v1 18.0.14+38b0d59804
	   |-- fabric-particles-v1 4.0.14+7feeb73304
	   |-- fabric-recipe-api-v1 8.1.1+640e77ae04
	   |-- fabric-registry-sync-v0 6.1.11+4a9c1ece04
	   |-- fabric-renderer-api-v1 5.0.3+50f0feb204
	   |-- fabric-renderer-indigo 2.0.3+50f0feb204
	   |-- fabric-rendering-data-attachment-v1 0.3.58+73761d2e04
	   |-- fabric-rendering-fluids-v1 3.1.19+7feeb73304
	   |-- fabric-resource-conditions-api-v1 5.0.13+203e6b2304
	   |-- fabric-resource-loader-v0 3.1.1+360374ac04
	   |-- fabric-screen-api-v1 2.0.38+7feeb73304
	   |-- fabric-screen-handler-api-v1 1.3.118+7feeb73304
	   |-- fabric-sound-api-v1 1.0.32+7feeb73304
	   |-- fabric-tag-api-v1 1.0.7+7d48d43904
	   |-- fabric-transfer-api-v1 5.4.9+efa825c904
	   \-- fabric-transitive-access-wideners-v1 6.3.2+56e78b9b04
	- fabric-api-base 0.4.54+b47eab6b04
	- fabric-command-api-v2 2.2.41+e496eb1504
	- fabric-key-binding-api-v1 1.0.57+7d48d43904
	- fabric-lifecycle-events-v1 2.5.4+bf2a60eb04
	- fabric-rendering-v1 10.2.1+0d31b09f04
	- fabricloader 0.18.4
	- java 21
	- minecraft 1.21.4
	- mixinextras 0.5.0
	- modmenu 13.0.3
	- tradex 1.0.0
[22:49:53] [main/INFO] (FabricLoader/Mixin) SpongePowered MIXIN Subsystem Version=0.8.7 Source=file:/C:/Users/user/.gradle/caches/modules-2/files-2.1/net.fabricmc/sponge-mixin/0.17.0+mixin.0.8.7/cf31463202f72d03b0ef1e1e38e8ee71b7faaab6/sponge-mixin-0.17.0+mixin.0.8.7.jar Service=Knot/Fabric Env=CLIENT
[22:49:53] [main/INFO] (FabricLoader/Mixin) Attempting to load Fernflower decompiler (Threaded mode)
[22:49:53] [main/INFO] (FabricLoader/Mixin) Fernflower could not be loaded, exported classes will not be decompiled. NoClassDefFoundError: org/jetbrains/java/decompiler/main/extern/IResultSaver
[22:49:53] [main/INFO] (FabricLoader/Mixin) Loaded Fabric development mappings for mixin remapper!
[22:49:53] [main/INFO] (FabricLoader/Mixin) Compatibility level set to JAVA_21
[22:49:53] [main/INFO] (FabricLoader/MixinExtras|Service) Initializing MixinExtras via com.llamalad7.mixinextras.service.MixinExtrasServiceImpl(version=0.5.0).
[22:49:54] [main/ERROR] (DevAuth/Microsoft) Failed to parse microsoft_accounts.json
java.nio.file.NoSuchFileException: C:\Users\user\Documents\CivMC\CivMC Mods\Tradex\versions\1.21.4\.devauth\microsoft_accounts.json
	at java.base/sun.nio.fs.WindowsException.translateToIOException(WindowsException.java:85) ~[?:?]
	at java.base/sun.nio.fs.WindowsException.rethrowAsIOException(WindowsException.java:103) ~[?:?]
	at java.base/sun.nio.fs.WindowsException.rethrowAsIOException(WindowsException.java:108) ~[?:?]
	at java.base/sun.nio.fs.WindowsFileSystemProvider.newByteChannel(WindowsFileSystemProvider.java:234) ~[?:?]
	at java.base/java.nio.file.Files.newByteChannel(Files.java:380) ~[?:?]
	at java.base/java.nio.file.Files.newByteChannel(Files.java:432) ~[?:?]
	at java.base/java.nio.file.spi.FileSystemProvider.newInputStream(FileSystemProvider.java:420) ~[?:?]
	at java.base/java.nio.file.Files.newInputStream(Files.java:160) ~[?:?]
	at knot/org.apache.commons.io.FileUtils.lambda$readFileToString$12(FileUtils.java:2698) ~[commons-io-2.17.0.jar:?]
	at knot/org.apache.commons.io.IOUtils.toString(IOUtils.java:3223) ~[commons-io-2.17.0.jar:?]
	at knot/org.apache.commons.io.IOUtils.toString(IOUtils.java:3198) ~[commons-io-2.17.0.jar:?]
	at knot/org.apache.commons.io.FileUtils.readFileToString(FileUtils.java:2698) ~[commons-io-2.17.0.jar:?]
	at knot/me.djtheredstoner.devauth.common.auth.microsoft.MicrosoftAuthProvider.readAccountsJson(MicrosoftAuthProvider.java:201) [me_djtheredstoner_common-1.2.2-a0db0d2170c82a8.jar:?]
	at knot/me.djtheredstoner.devauth.common.auth.microsoft.MicrosoftAuthProvider.login(MicrosoftAuthProvider.java:165) [me_djtheredstoner_common-1.2.2-a0db0d2170c82a8.jar:?]
	at knot/me.djtheredstoner.devauth.common.DevAuth.login(DevAuth.java:62) [me_djtheredstoner_common-1.2.2-a0db0d2170c82a8.jar:?]
	at knot/me.djtheredstoner.devauth.common.DevAuth.processArguments(DevAuth.java:35) [me_djtheredstoner_common-1.2.2-a0db0d2170c82a8.jar:?]
	at knot/net.minecraft.client.main.Main.localvar$zhc000$devauth$modifyArgs(Main.java:514) [minecraft-merged-40f272760b-1.21.4-loom.mappings.1_21_4.layered+hash.2198-v2.jar:?]
	at knot/net.minecraft.client.main.Main.main(Main.java) [minecraft-merged-40f272760b-1.21.4-loom.mappings.1_21_4.layered+hash.2198-v2.jar:?]
	at net.fabricmc.loader.impl.game.minecraft.MinecraftGameProvider.launch(MinecraftGameProvider.java:514) [fabric-loader-0.18.4.jar:?]
	at net.fabricmc.loader.impl.launch.knot.Knot.launch(Knot.java:72) [fabric-loader-0.18.4.jar:?]
	at net.fabricmc.loader.impl.launch.knot.KnotClient.main(KnotClient.java:23) [fabric-loader-0.18.4.jar:?]
	at net.fabricmc.devlaunchinjector.Main.main(Main.java:86) [dev-launch-injector-0.2.1+build.8.jar:?]
[22:49:54] [main/INFO] (DevAuth/Microsoft) Fetching token session
[22:49:54] [main/INFO] (DevAuth/Microsoft) Fetching token xsts
[22:49:54] [main/INFO] (DevAuth/Microsoft) Fetching token xbl
[22:49:54] [main/INFO] (DevAuth/Microsoft) Fetching token oauth
[22:49:54] [main/INFO] (DevAuth/HTTP/JDK) Using JDK client
[22:49:54] [main/INFO] (DevAuth/Microsoft) OAuth URL, open this in a browser to complete authentication: https://login.live.com/oauth20_authorize.srf?client_id=757bb3b3-b7ca-4bcd-a160-c92e6379c263&response_type=code&redirect_uri=http%3A%2F%2F127.0.0.1%3A3000&scope=XboxLive.signin+XboxLive.offline_access&prompt=select_account&code_challenge=jCDWUYisLhw-CjCiQ2iFoz5NvcTinzJnJzYMgs_nW8w&code_challenge_method=S256
[22:50:47] [main/INFO] (DevAuth/Microsoft) Fetched token oauth (Expiry: 2026-02-19T15:50:47Z or in 00:00:59:59)
[22:50:47] [main/INFO] (DevAuth/Microsoft) Fetched token xbl (Expiry: 2026-02-23T14:50:47Z or in 03:23:59:59)
[22:50:48] [main/INFO] (DevAuth/Microsoft) Fetched token xsts (Expiry: 2026-02-20T06:50:48Z or in 00:15:59:59)
[22:50:48] [main/INFO] (DevAuth/Microsoft) Fetched token session (Expiry: 2026-02-20T14:50:48Z or in 00:23:59:59)
[22:50:49] [main/INFO] (DevAuth) Successfully logged in as CreepilyCreep
[22:50:49] [Datafixer Bootstrap/INFO] (Minecraft) 243 Datafixer optimizations took 220 milliseconds
[22:50:54] [Render thread/INFO] (Minecraft) Environment: Environment[sessionHost=https://sessionserver.mojang.com, servicesHost=https://api.minecraftservices.com, name=PROD]
[22:50:54] [Render thread/INFO] (Minecraft) Setting user: CreepilyCreep
[22:50:54] [Render thread/INFO] (Mod Menu/Update Checker) Checking mod updates...
[22:50:54] [Render thread/INFO] (Indigo) [Indigo] Registering Indigo renderer!
[22:50:54] [Render thread/INFO] (Minecraft) Backend library: LWJGL version 3.3.3-snapshot
[22:50:55] [Render thread/INFO] (Minecraft) Reloading ResourceManager: vanilla, fabric, cloth-config, devauth, fabric-api, fabric-api-base, fabric-api-lookup-api-v1, fabric-biome-api-v1, fabric-block-api-v1, fabric-block-view-api-v2, fabric-blockrenderlayer-v1, fabric-client-tags-api-v1, fabric-command-api-v1, fabric-command-api-v2, fabric-commands-v0, fabric-content-registries-v0, fabric-convention-tags-v1, fabric-convention-tags-v2, fabric-crash-report-info-v1, fabric-data-attachment-api-v1, fabric-data-generation-api-v1, fabric-dimensions-v1, fabric-entity-events-v1, fabric-events-interaction-v0, fabric-game-rule-api-v1, fabric-item-api-v1, fabric-item-group-api-v1, fabric-key-binding-api-v1, fabric-keybindings-v0, fabric-lifecycle-events-v1, fabric-loot-api-v2, fabric-loot-api-v3, fabric-message-api-v1, fabric-model-loading-api-v1, fabric-networking-api-v1, fabric-object-builder-api-v1, fabric-particles-v1, fabric-recipe-api-v1, fabric-registry-sync-v0, fabric-renderer-api-v1, fabric-renderer-indigo, fabric-rendering-data-attachment-v1, fabric-rendering-fluids-v1, fabric-rendering-v1, fabric-resource-conditions-api-v1, fabric-resource-loader-v0, fabric-screen-api-v1, fabric-screen-handler-api-v1, fabric-sound-api-v1, fabric-tag-api-v1, fabric-transfer-api-v1, fabric-transitive-access-wideners-v1, fabricloader, me_djtheredstoner_common, modmenu
[22:50:55] [Worker-Main-1/INFO] (Minecraft) Found unifont_all_no_pua-16.0.01.hex, loading
[22:50:55] [Worker-Main-13/INFO] (Minecraft) Found unifont_jp_patch-16.0.01.hex, loading
[22:50:56] [Render thread/INFO] (Minecraft) OpenAL initialized on device OpenAL Soft on Voicemeeter Input (VB-Audio Voicemeeter VAIO)
[22:50:56] [Render thread/INFO] (Minecraft) Sound engine started
[22:50:56] [Render thread/INFO] (Minecraft) Created: 1024x512x4 minecraft:textures/atlas/blocks.png-atlas
[22:50:56] [Render thread/INFO] (Minecraft) Created: 256x256x4 minecraft:textures/atlas/signs.png-atlas
[22:50:56] [Render thread/INFO] (Minecraft) Created: 512x512x4 minecraft:textures/atlas/banner_patterns.png-atlas
[22:50:56] [Render thread/INFO] (Minecraft) Created: 512x512x4 minecraft:textures/atlas/shield_patterns.png-atlas
[22:50:56] [Render thread/INFO] (Minecraft) Created: 2048x1024x4 minecraft:textures/atlas/armor_trims.png-atlas
[22:50:56] [Render thread/INFO] (Minecraft) Created: 128x64x4 minecraft:textures/atlas/decorated_pot.png-atlas
[22:50:56] [Render thread/INFO] (Minecraft) Created: 256x256x4 minecraft:textures/atlas/chest.png-atlas
[22:50:56] [Render thread/INFO] (Minecraft) Created: 512x256x4 minecraft:textures/atlas/beds.png-atlas
[22:50:56] [Render thread/INFO] (Minecraft) Created: 512x256x4 minecraft:textures/atlas/shulker_boxes.png-atlas
[22:50:56] [Render thread/INFO] (Minecraft) Created: 64x64x0 minecraft:textures/atlas/map_decorations.png-atlas
[22:50:56] [Render thread/INFO] (Minecraft) Created: 512x256x0 minecraft:textures/atlas/particles.png-atlas
[22:50:56] [Render thread/INFO] (Minecraft) Created: 512x256x0 minecraft:textures/atlas/paintings.png-atlas
[22:50:56] [Render thread/INFO] (Minecraft) Created: 256x128x0 minecraft:textures/atlas/mob_effects.png-atlas
[22:50:56] [Render thread/INFO] (Minecraft) Created: 1024x512x0 minecraft:textures/atlas/gui.png-atlas
[22:51:01] [Render thread/INFO] (Minecraft) Connecting to play.civmc.net, 25565
[22:51:03] [Render thread/INFO] (Minecraft) [System] [CHAT] You have engaged in combat. Type /ct to check your timer.
[22:51:03] [Render thread/INFO] (Minecraft) [System] [CHAT] You have been combat tagged on login
[22:51:03] [Render thread/INFO] (Minecraft) [System] [CHAT]               §f§a§i§r§x§a§e§r§o§x§a§e§r§o§w§m§n§e§t§h§e§r§i§s§f§a§i§r
[22:51:03] [Render thread/INFO] (Minecraft) [System] [CHAT] CreepilyCreep has joined the game
[22:51:04] [Render thread/INFO] (Minecraft) Loaded 1153 advancements
[22:51:04] [Render thread/INFO] (Minecraft) [System] [CHAT] [!] Jqkz: for vanity builds yes
[22:51:05] [Render thread/INFO] (Minecraft) [System] [CHAT] [CivMC] Server is restarting for an update in 9 minutes
[22:51:09] [Render thread/INFO] (Minecraft) [System] [CHAT] [!] Jqkz: not for farms or mili infra
[22:51:09] [Render thread/INFO] (Minecraft) [System] [CHAT] [!] chaudmoi: what is vanity
[22:51:12] [Render thread/INFO] (Minecraft) [System] [CHAT] shyguy_wph has left the game
[22:51:13] [Render thread/INFO] (Minecraft) [System] [CHAT] [!] Jqkz: like houses
[22:51:15] [Render thread/INFO] (Minecraft) [System] [CHAT] [!] Jqkz: and statues
[22:51:18] [Render thread/INFO] (Minecraft) [System] [CHAT] You are no longer in combat.
[22:51:20] [Render thread/INFO] (Minecraft) [System] [CHAT] [!] chaudmoi: ok thx
[22:51:22] [Render thread/WARN] (Minecraft) Ignoring player info update for unknown player ab72bdc3-c9ec-4dd6-9eee-5965f06d2582 ([UPDATE_LATENCY])
[22:51:22] [Render thread/INFO] (Minecraft) [System] [CHAT] sbundzz has joined the game
[22:51:23] [Render thread/WARN] (Mod Menu | FabricMod) Warning! Mod tradex has a broken icon, loading default icon
[22:51:23] [Render thread/INFO] (Minecraft) [System] [CHAT] [!] JustMicwa: decorations
[22:51:25] [Render thread/INFO] (Mod Menu/Update Checker) Checking mod updates...
[22:51:28] [Render thread/INFO] (Minecraft) [System] [CHAT] [!] Jqkz: stuff that doesnt affect gameplay really
[22:51:30] [Render thread/INFO] (Minecraft) [System] [CHAT] [!] §e⋆⋆⋆Diurdi: does it matter if fossils are cracked in ore smelter or advance ore smelter?
[22:51:33] [Render thread/WARN] (Minecraft) Ignoring player info update for unknown player f1f2eb6d-a35b-4204-94f5-caddec031925 ([UPDATE_LATENCY])
[22:51:33] [Render thread/INFO] (Minecraft) [System] [CHAT] cmido has joined the game
[22:51:38] [Render thread/WARN] (Minecraft) Received passengers for unknown entity
[22:51:38] [Render thread/WARN] (Minecraft) Received passengers for unknown entity
[22:51:46] [Render thread/INFO] (Minecraft) [System] [CHAT] [!] §e⋆mezur: wdym its not allowed i always use it for farms and mil infra
[22:51:50] [Render thread/WARN] (Minecraft) Ignoring player info update for unknown player ab412d8c-ca43-490f-8975-d3c9512c8872 ([UPDATE_LATENCY])
[22:51:50] [Render thread/WARN] (Minecraft) Ignoring player info update for unknown player ab412d8c-ca43-490f-8975-d3c9512c8872 ([UPDATE_DISPLAY_NAME])
[22:51:50] [Render thread/INFO] (Minecraft) [System] [CHAT] The_Dragon1234 has joined the game
[22:51:54] [Render thread/INFO] (Minecraft) [System] [CHAT] [!] Jqkz: oh thats wonderful
[22:51:55] [Render thread/INFO] (tradex) Neither VoxelMap nor JourneyMap are installed
[22:51:55] [Render thread/INFO] (Minecraft) [System] [CHAT] chaudmoi has left the game
[22:51:59] [Render thread/INFO] (Minecraft) [System] [CHAT] [!] Jqkz: mods must love you twin
[22:51:59] [Render thread/WARN] (Minecraft) Ignoring player info update for unknown player 6025b4e0-a037-4a32-b91e-6b5910eaa9c4 ([UPDATE_LATENCY])
[22:51:59] [Render thread/WARN] (Minecraft) Ignoring player info update for unknown player 6025b4e0-a037-4a32-b91e-6b5910eaa9c4 ([UPDATE_DISPLAY_NAME])
[22:51:59] [Render thread/INFO] (Minecraft) [System] [CHAT] chaudmoi has joined the game
[22:52:03] [Render thread/INFO] (Minecraft) [System] [CHAT] [!] Jqkz: wish i could do that
[22:52:18] [Render thread/INFO] (Minecraft) [System] [CHAT] EndySendy has left the game
[22:52:19] [Render thread/INFO] (Minecraft) [System] [CHAT] §aReinforced at §a100% (50/50)§a health with §bStone §aon §dIcenia-Metro
[22:52:21] [Render thread/INFO] (Minecraft) [System] [CHAT] Destination set to: jah
[22:52:24] [Render thread/WARN] (Minecraft) Failed to load components: Not a string missed input: {"minecraft:item_name":{translate:"block.minecraft.ominous_banner"}}
[22:52:24] [Render thread/WARN] (Minecraft) Failed to load components: Not a string missed input: {"minecraft:item_name":{translate:"block.minecraft.ominous_banner"}}
[22:52:41] [Render thread/WARN] (Minecraft) Received passengers for unknown entity
[22:52:50] [Render thread/INFO] (Minecraft) [System] [CHAT] JustMicwa has left the game
[22:52:56] [Render thread/WARN] (Minecraft) Received passengers for unknown entity
[22:52:56] [Render thread/WARN] (Minecraft) Received passengers for unknown entity
[22:53:10] [Render thread/INFO] (Minecraft) [System] [CHAT] (1/1) exchanges present.
[22:53:10] [Render thread/INFO] (Minecraft) [System] [CHAT] Input: 1 Diamond
[22:53:10] [Render thread/INFO] (Minecraft) [System] [CHAT] Output: 1 Diamond Sword
[22:53:10] [Render thread/INFO] (Minecraft) [System] [CHAT] 29 exchanges available.
[22:53:10] [Render thread/INFO] (Minecraft) [System] [CHAT] [Tradex] Find other shops selling Diamond Sword
[22:53:10] [Render thread/INFO] (Minecraft) [System] [CHAT] §r§cReinforced at §a100% (2000/2000)§c health with §bDiamond§d
[22:53:16] [Render thread/INFO] (Minecraft) [System] [CHAT] (1/1) exchanges present.
[22:53:16] [Render thread/INFO] (Minecraft) [System] [CHAT] Input: 1 Diamond
[22:53:16] [Render thread/INFO] (Minecraft) [System] [CHAT] Output: 1 Diamond Sword
[22:53:16] [Render thread/INFO] (Minecraft) [System] [CHAT] 29 exchanges available.
[22:53:16] [Render thread/INFO] (Minecraft) [System] [CHAT] [Tradex] Find other shops selling Diamond Sword
[22:53:16] [Render thread/INFO] (Minecraft) [System] [CHAT] §r§cReinforced at §a100% (2000/2000)§c health with §bDiamond§d
[22:53:23] [Render thread/INFO] (Minecraft) [System] [CHAT] [!] §e⋆mezur: mojang add something to disguise lodestones
[22:53:32] [Render thread/INFO] (Minecraft) [System] [CHAT] (1/1) exchanges present.
[22:53:32] [Render thread/INFO] (Minecraft) [System] [CHAT] Input: 1 Diamond
[22:53:32] [Render thread/INFO] (Minecraft) [System] [CHAT] Output: 1 Diamond Sword
[22:53:32] [Render thread/INFO] (Minecraft) [System] [CHAT] 29 exchanges available.
[22:53:32] [Render thread/INFO] (Minecraft) [System] [CHAT] [Tradex] Find other shops selling Diamond Sword
[22:53:32] [Render thread/INFO] (Minecraft) [System] [CHAT] §r§cReinforced at §a100% (2000/2000)§c health with §bDiamond§d
[22:53:33] [Render thread/INFO] (Minecraft) [System] [CHAT] Leander2714 has left the game
[22:53:37] [Render thread/INFO] (Minecraft) [System] [CHAT] (1/1) exchanges present.
[22:53:37] [Render thread/INFO] (Minecraft) [System] [CHAT] Input: 1 Diamond
[22:53:37] [Render thread/INFO] (Minecraft) [System] [CHAT] Output: 1 Diamond Sword
[22:53:37] [Render thread/INFO] (Minecraft) [System] [CHAT] 29 exchanges available.
[22:53:37] [Render thread/INFO] (Minecraft) [System] [CHAT] [Tradex] Find other shops selling Diamond Sword
[22:53:37] [Render thread/INFO] (Minecraft) [System] [CHAT] §r§cReinforced at §a100% (2000/2000)§c health with §bDiamond§d
[22:53:44] [Render thread/INFO] (Minecraft) [System] [CHAT] [!] §e⋆mezur: i mean civ mods
[22:53:48] [Render thread/INFO] (Minecraft) [System] [CHAT] (1/1) exchanges present.
[22:53:48] [Render thread/INFO] (Minecraft) [System] [CHAT] Input: 1 Diamond
[22:53:48] [Render thread/INFO] (Minecraft) [System] [CHAT] Output: 1 Diamond Sword
[22:53:48] [Render thread/INFO] (Minecraft) [System] [CHAT] 29 exchanges available.
[22:53:48] [Render thread/INFO] (Minecraft) [System] [CHAT] [Tradex] Find other shops selling Diamond Sword
[22:53:48] [Render thread/INFO] (Minecraft) [System] [CHAT] §r§cReinforced at §a100% (2000/2000)§c health with §bDiamond§d
[22:53:50] [Render thread/INFO] (Minecraft) [System] [CHAT] (1/1) exchanges present.
[22:53:50] [Render thread/INFO] (Minecraft) [System] [CHAT] Input: 1 Diamond
[22:53:50] [Render thread/INFO] (Minecraft) [System] [CHAT] Output: 1 Diamond Sword
[22:53:50] [Render thread/INFO] (Minecraft) [System] [CHAT] 29 exchanges available.
[22:53:50] [Render thread/INFO] (Minecraft) [System] [CHAT] [Tradex] Find other shops selling Diamond Sword
[22:53:50] [Render thread/INFO] (Minecraft) [System] [CHAT] §r§cReinforced at §a100% (2000/2000)§c health with §bDiamond§d
[22:53:52] [Render thread/INFO] (Minecraft) [System] [CHAT] (1/1) exchanges present.
[22:53:52] [Render thread/INFO] (Minecraft) [System] [CHAT] Input: 1 Diamond
[22:53:52] [Render thread/INFO] (Minecraft) [System] [CHAT] Output: 1 Diamond Sword
[22:53:52] [Render thread/INFO] (Minecraft) [System] [CHAT] 29 exchanges available.
[22:53:52] [Render thread/INFO] (Minecraft) [System] [CHAT] [Tradex] Find other shops selling Diamond Sword
[22:53:52] [Render thread/INFO] (Minecraft) [System] [CHAT] §r§cReinforced at §a100% (2000/2000)§c health with §bDiamond§d
[22:53:55] [Render thread/INFO] (Minecraft) [System] [CHAT] (1/1) exchanges present.
[22:53:55] [Render thread/INFO] (Minecraft) [System] [CHAT] Input: 3 Block of Raw Copper
[22:53:55] [Render thread/INFO] (Minecraft) [System] [CHAT] Output: 4 Block of Copper
[22:53:55] [Render thread/INFO] (Minecraft) [System] [CHAT] 587 exchanges available.
[22:53:55] [Render thread/INFO] (Minecraft) [System] [CHAT] [Tradex] Find other shops selling Block of Copper
[22:53:55] [Render thread/INFO] (Minecraft) [System] [CHAT] §r§cReinforced at §a100% (2000/2000)§c health with §bDiamond§d
[22:53:58] [Render thread/INFO] (Minecraft) [System] [CHAT] Logging out safely in 10 seconds...
[22:53:59] [Render thread/INFO] (Minecraft) [System] [CHAT] Logging out safely in 9 seconds...
[22:54:00] [Render thread/INFO] (Minecraft) [System] [CHAT] Logging out safely in 8 seconds...
[22:54:01] [Render thread/INFO] (Minecraft) [System] [CHAT] Logging out safely in 7 seconds...
[22:54:02] [Render thread/INFO] (Minecraft) [System] [CHAT] Logging out safely in 6 seconds...
[22:54:03] [Render thread/INFO] (Minecraft) [System] [CHAT] Logging out safely in 5 seconds...
[22:54:04] [Render thread/INFO] (Minecraft) [System] [CHAT] Logging out safely in 4 seconds...
[22:54:05] [Render thread/INFO] (Minecraft) [System] [CHAT] [!] Jqkz: shall i or shall i not get drunk
[22:54:05] [Render thread/INFO] (Minecraft) [System] [CHAT] Logging out safely in 3 seconds...
[22:54:06] [Render thread/INFO] (Minecraft) [System] [CHAT] Logging out safely in 2 seconds...
[22:54:07] [Render thread/INFO] (Minecraft) [System] [CHAT] Logging out safely in 1 seconds...
[22:54:08] [Render thread/WARN] (Minecraft) Client disconnected with reason: You were kicked from main: You were logged out safely.
[22:54:11] [Render thread/INFO] (Minecraft) Stopping!
