[00:03:07] [Render thread/INFO] (Minecraft) Connecting to play.civmc.net, 25565
[00:03:10] [Render thread/INFO] (Minecraft) Resizing Dynamic Transforms UBO, capacity limit of 2 reached during a single frame. New capacity will be 4.
[00:03:10] [Render thread/INFO] (Minecraft) Resizing Dynamic Transforms UBO, capacity limit of 4 reached during a single frame. New capacity will be 8.
[00:03:10] [Render thread/INFO] (Minecraft) [System] [CHAT] You have engaged in combat. Type /ct to check your timer.
[00:03:10] [Render thread/INFO] (Minecraft) [System] [CHAT] You have been combat tagged on login
[00:03:10] [Render thread/INFO] (Minecraft) [System] [CHAT]               §f§a§i§r§x§a§e§r§o§x§a§e§r§o§w§m§n§e§t§h§e§r§i§s§f§a§i§r
[00:03:10] [Render thread/INFO] (Minecraft) [System] [CHAT] CreepilyCreep has joined the game
[00:03:10] [Render thread/INFO] (Minecraft) Loaded 1149 advancements
[00:03:10] [Render thread/WARN] (Minecraft) Received passengers for unknown entity
[00:03:11] [Render thread/WARN] (Minecraft) Received passengers for unknown entity
[00:03:11] [Render thread/INFO] (Minecraft) Resizing Dynamic Transforms UBO, capacity limit of 8 reached during a single frame. New capacity will be 32.
[00:03:11] [Render thread/INFO] (Minecraft) Resizing Dynamic Transforms UBO, capacity limit of 32 reached during a single frame. New capacity will be 64.
[00:03:11] [Render thread/INFO] (Minecraft) Resizing Dynamic Transforms UBO, capacity limit of 64 reached during a single frame. New capacity will be 128.
[00:03:11] [Render thread/INFO] (Minecraft) Resizing Dynamic Transforms UBO, capacity limit of 128 reached during a single frame. New capacity will be 256.
[00:03:11] [Render thread/INFO] (Minecraft) Resizing Dynamic Transforms UBO, capacity limit of 256 reached during a single frame. New capacity will be 512.
[00:03:12] [Render thread/INFO] (Minecraft) Resizing Dynamic Transforms UBO, capacity limit of 512 reached during a single frame. New capacity will be 1024.
[00:03:13] [Render thread/INFO] (Minecraft) Resizing Dynamic Transforms UBO, capacity limit of 1024 reached during a single frame. New capacity will be 2048.
[00:03:20] [Render thread/WARN] (Mod Menu | FabricMod) Warning! Mod tradex has a broken icon, loading default icon
[00:03:21] [Render thread/INFO] (Minecraft) [System] [CHAT] MajorPower1 has joined the game
[00:03:22] [Render thread/INFO] (Minecraft) [System] [CHAT] [!] Malipan: RIIIINNN
[00:03:25] [Render thread/INFO] (Minecraft) [System] [CHAT] You are no longer in combat.
[00:03:25] [Render thread/INFO] (Minecraft) [System] [CHAT] [!] Malipan: fuck wc
[00:03:35] [Render thread/INFO] (Minecraft) [System] [CHAT] Himchi has joined the game
[00:03:35] [Render thread/INFO] (tradex) Neither VoxelMap nor JourneyMap are installed
[00:03:45] [Render thread/INFO] (Minecraft) [System] [CHAT] [!] Himchi: hello everybody!
[00:03:55] [Render thread/INFO] (Minecraft) [System] [CHAT] ToastIsNear has joined the game
[00:04:10] [Render thread/INFO] (Minecraft) [System] [CHAT] [!] EndySendy: hello
[00:04:13] [Render thread/INFO] (Minecraft) [System] [CHAT] SunFlower73 has joined the game
[00:04:15] [Render thread/INFO] (Minecraft) [System] [CHAT] virexil has joined the game
[00:04:31] [Render thread/INFO] (Minecraft) [System] [CHAT] ThereWalker has joined the game
[00:04:54] [Render thread/INFO] (Minecraft) [System] [CHAT] ThereWalker has left the game
[00:05:21] [Render thread/INFO] (Minecraft) [System] [CHAT] Himchi has left the game
[00:05:22] [Render thread/INFO] (Minecraft) [System] [CHAT] virexil has left the game
[00:05:25] [Render thread/INFO] (Minecraft) [System] [CHAT] ToastIsNear has left the game
[00:05:26] [Render thread/INFO] (Minecraft) Resizing Dynamic Transforms UBO, capacity limit of 2048 reached during a single frame. New capacity will be 4096.
[00:05:28] [Render thread/INFO] (Minecraft) [System] [CHAT] Logging out safely in 10 seconds...
[00:05:29] [Render thread/INFO] (Minecraft) [System] [CHAT] Logging out safely in 9 seconds...
[00:05:31] [Render thread/INFO] (Minecraft) [System] [CHAT] Logging out safely in 8 seconds...
[00:05:31] [Render thread/INFO] (Minecraft) [System] [CHAT] Logging out safely in 7 seconds...
[00:05:33] [Render thread/INFO] (Minecraft) [System] [CHAT] Logging out safely in 6 seconds...
[00:05:33] [Render thread/INFO] (Minecraft) [System] [CHAT] Logging out safely in 5 seconds...
[00:05:34] [Render thread/INFO] (Minecraft) [System] [CHAT] Logging out safely in 4 seconds...
[00:05:35] [Render thread/INFO] (Minecraft) [System] [CHAT] Logging out safely in 3 seconds...
[00:05:36] [Render thread/INFO] (Minecraft) [System] [CHAT] Logging out safely in 2 seconds...
[00:05:37] [Render thread/INFO] (Minecraft) [System] [CHAT] Ozeas has joined the game
[00:05:37] [Render thread/INFO] (Minecraft) [System] [CHAT] Logging out safely in 1 seconds...
[00:05:38] [Render thread/INFO] (Minecraft) [System] [CHAT] Hexayn has joined the game
[00:05:39] [Render thread/WARN] (Minecraft) Client disconnected with reason: You were kicked from main: You were logged out safely.
[00:05:42] [Render thread/INFO] (Minecraft) Stopping!
