[22:58:57] [main/INFO] (FabricLoader/GameProvider) Loading Minecraft 1.21.1 with Fabric Loader 0.18.4
[22:58:57] [main/WARN] (FabricLoader/Knot) Ignoring invalid library path c:\Users\user\.vscode\extensions\vscjava.vscode-java-debug-0.58.5\bundled\scripts\noConfigScriptsc:\Users\user\.vscode\extensions\ms-python.debugpy-2025.18.0-win32-x64\bundled\scripts\noConfigScripts
[22:58:57] [main/INFO] (FabricLoader) Loading 61 mods:
	- cloth-basic-math 0.6.1
	- cloth-config 15.0.140
	- devauth 1.2.2
	   |-- com_electronwill_night-config_core 3.6.5
	   |-- com_electronwill_night-config_toml 3.6.5
	   \-- me_djtheredstoner_common 1.2.2
	- fabric-api 0.116.8+1.21.1
	   |-- fabric-api-lookup-api-v1 1.6.71+b559734419
	   |-- fabric-biome-api-v1 13.0.31+d527f9fd19
	   |-- fabric-block-api-v1 1.1.0+0bc3503219
	   |-- fabric-block-view-api-v2 1.0.11+ebb2264e19
	   |-- fabric-blockrenderlayer-v1 1.1.52+0af3f5a719
	   |-- fabric-client-tags-api-v1 1.1.15+6573ed8c19
	   |-- fabric-command-api-v1 1.2.49+f71b366f19
	   |-- fabric-commands-v0 0.2.66+df3654b319
	   |-- fabric-content-registries-v0 8.0.19+b559734419
	   |-- fabric-convention-tags-v1 2.1.6+7f945d5b19
	   |-- fabric-convention-tags-v2 2.11.2+fa89716719
	   |-- fabric-crash-report-info-v1 0.2.29+0af3f5a719
	   |-- fabric-data-attachment-api-v1 1.4.6+5b36e0f719
	   |-- fabric-data-generation-api-v1 20.2.35+37516cd619
	   |-- fabric-dimensions-v1 4.0.1+65213ef819
	   |-- fabric-entity-events-v1 1.8.0+2b27e0a419
	   |-- fabric-events-interaction-v0 0.7.13+ba9dae0619
	   |-- fabric-game-rule-api-v1 1.0.53+6ced4dd919
	   |-- fabric-item-api-v1 11.2.0+3b3cb2e819
	   |-- fabric-item-group-api-v1 4.1.7+def88e3a19
	   |-- fabric-keybindings-v0 0.2.45+df3654b319
	   |-- fabric-loot-api-v2 3.0.15+3f89f5a519
	   |-- fabric-loot-api-v3 1.0.3+3f89f5a519
	   |-- fabric-message-api-v1 6.0.14+8aaf3aca19
	   |-- fabric-model-loading-api-v1 2.1.0+b4d813fc19
	   |-- fabric-networking-api-v1 4.3.0+c7469b2119
	   |-- fabric-object-builder-api-v1 15.2.1+40875a9319
	   |-- fabric-particles-v1 4.0.2+6573ed8c19
	   |-- fabric-recipe-api-v1 5.0.15+2475392c19
	   |-- fabric-registry-sync-v0 5.3.1+e3eddc2119
	   |-- fabric-renderer-api-v1 3.4.1+b4d813fc19
	   |-- fabric-renderer-indigo 1.7.1+c705a49c19
	   |-- fabric-renderer-registries-v1 3.2.69+df3654b319
	   |-- fabric-rendering-data-attachment-v1 0.3.49+73761d2e19
	   |-- fabric-rendering-fluids-v1 3.1.6+1daea21519
	   |-- fabric-rendering-v0 1.1.72+df3654b319
	   |-- fabric-resource-conditions-api-v1 4.3.0+8dc279b119
	   |-- fabric-resource-loader-v0 1.3.1+5b5275af19
	   |-- fabric-screen-api-v1 2.0.25+8b68f1c719
	   |-- fabric-screen-handler-api-v1 1.3.90+b559734419
	   |-- fabric-sound-api-v1 1.0.23+6573ed8c19
	   |-- fabric-transfer-api-v1 5.4.3+c24bd99419
	   \-- fabric-transitive-access-wideners-v1 6.2.0+45b9699719
	- fabric-api-base 0.4.42+6573ed8c19
	- fabric-command-api-v2 2.2.28+6ced4dd919
	- fabric-key-binding-api-v1 1.0.47+0af3f5a719
	- fabric-lifecycle-events-v1 2.5.0+01d9a51c19
	- fabric-rendering-v1 5.0.5+df16efd019
	- fabricloader 0.18.4
	- java 21
	- minecraft 1.21.1
	- mixinextras 0.5.0
	- modmenu 11.0.3
	- tradex 1.0.0
[22:59:00] [main/INFO] (FabricLoader/Mixin) SpongePowered MIXIN Subsystem Version=0.8.7 Source=file:/C:/Users/user/.gradle/caches/modules-2/files-2.1/net.fabricmc/sponge-mixin/0.17.0+mixin.0.8.7/cf31463202f72d03b0ef1e1e38e8ee71b7faaab6/sponge-mixin-0.17.0+mixin.0.8.7.jar Service=Knot/Fabric Env=CLIENT
[22:59:00] [main/INFO] (FabricLoader/Mixin) Attempting to load Fernflower decompiler (Threaded mode)
[22:59:00] [main/INFO] (FabricLoader/Mixin) Fernflower could not be loaded, exported classes will not be decompiled. NoClassDefFoundError: org/jetbrains/java/decompiler/main/extern/IResultSaver
[22:59:00] [main/INFO] (FabricLoader/Mixin) Loaded Fabric development mappings for mixin remapper!
[22:59:00] [main/INFO] (FabricLoader/Mixin) Compatibility level set to JAVA_17
[22:59:00] [main/INFO] (FabricLoader/Mixin) Compatibility level set to JAVA_21
[22:59:01] [main/INFO] (FabricLoader/MixinExtras|Service) Initializing MixinExtras via com.llamalad7.mixinextras.service.MixinExtrasServiceImpl(version=0.5.0).
[22:59:01] [main/ERROR] (DevAuth/Microsoft) Failed to parse microsoft_accounts.json
java.nio.file.NoSuchFileException: C:\Users\user\Documents\CivMC\CivMC Mods\Tradex\versions\1.21.1\.devauth\microsoft_accounts.json
	at java.base/sun.nio.fs.WindowsException.translateToIOException(WindowsException.java:85) ~[?:?]
	at java.base/sun.nio.fs.WindowsException.rethrowAsIOException(WindowsException.java:103) ~[?:?]
	at java.base/sun.nio.fs.WindowsException.rethrowAsIOException(WindowsException.java:108) ~[?:?]
	at java.base/sun.nio.fs.WindowsFileSystemProvider.newByteChannel(WindowsFileSystemProvider.java:234) ~[?:?]
	at java.base/java.nio.file.Files.newByteChannel(Files.java:380) ~[?:?]
	at java.base/java.nio.file.Files.newByteChannel(Files.java:432) ~[?:?]
	at java.base/java.nio.file.spi.FileSystemProvider.newInputStream(FileSystemProvider.java:420) ~[?:?]
	at java.base/java.nio.file.Files.newInputStream(Files.java:160) ~[?:?]
	at knot/org.apache.commons.io.FileUtils.lambda$readFileToString$12(FileUtils.java:2615) ~[commons-io-2.15.1.jar:?]
	at knot/org.apache.commons.io.IOUtils.toString(IOUtils.java:3239) ~[commons-io-2.15.1.jar:?]
	at knot/org.apache.commons.io.IOUtils.toString(IOUtils.java:3214) ~[commons-io-2.15.1.jar:?]
	at knot/org.apache.commons.io.FileUtils.readFileToString(FileUtils.java:2615) ~[commons-io-2.15.1.jar:?]
	at knot/me.djtheredstoner.devauth.common.auth.microsoft.MicrosoftAuthProvider.readAccountsJson(MicrosoftAuthProvider.java:201) [me_djtheredstoner_common-1.2.2-a0db0d2170c82a8.jar:?]
	at knot/me.djtheredstoner.devauth.common.auth.microsoft.MicrosoftAuthProvider.login(MicrosoftAuthProvider.java:165) [me_djtheredstoner_common-1.2.2-a0db0d2170c82a8.jar:?]
	at knot/me.djtheredstoner.devauth.common.DevAuth.login(DevAuth.java:62) [me_djtheredstoner_common-1.2.2-a0db0d2170c82a8.jar:?]
	at knot/me.djtheredstoner.devauth.common.DevAuth.processArguments(DevAuth.java:35) [me_djtheredstoner_common-1.2.2-a0db0d2170c82a8.jar:?]
	at knot/net.minecraft.client.main.Main.localvar$zkf000$devauth$modifyArgs(Main.java:514) [minecraft-merged-40f272760b-1.21.1-loom.mappings.1_21_1.layered+hash.2198-v2.jar:?]
	at knot/net.minecraft.client.main.Main.main(Main.java) [minecraft-merged-40f272760b-1.21.1-loom.mappings.1_21_1.layered+hash.2198-v2.jar:?]
	at net.fabricmc.loader.impl.game.minecraft.MinecraftGameProvider.launch(MinecraftGameProvider.java:514) [fabric-loader-0.18.4.jar:?]
	at net.fabricmc.loader.impl.launch.knot.Knot.launch(Knot.java:72) [fabric-loader-0.18.4.jar:?]
	at net.fabricmc.loader.impl.launch.knot.KnotClient.main(KnotClient.java:23) [fabric-loader-0.18.4.jar:?]
	at net.fabricmc.devlaunchinjector.Main.main(Main.java:86) [dev-launch-injector-0.2.1+build.8.jar:?]
[22:59:01] [main/INFO] (DevAuth/Microsoft) Fetching token session
[22:59:01] [main/INFO] (DevAuth/Microsoft) Fetching token xsts
[22:59:01] [main/INFO] (DevAuth/Microsoft) Fetching token xbl
[22:59:01] [main/INFO] (DevAuth/Microsoft) Fetching token oauth
[22:59:01] [main/INFO] (DevAuth/HTTP/JDK) Using JDK client
[22:59:01] [main/INFO] (DevAuth/Microsoft) OAuth URL, open this in a browser to complete authentication: https://login.live.com/oauth20_authorize.srf?client_id=757bb3b3-b7ca-4bcd-a160-c92e6379c263&response_type=code&redirect_uri=http%3A%2F%2F127.0.0.1%3A3000&scope=XboxLive.signin+XboxLive.offline_access&prompt=select_account&code_challenge=ttsT0_Dikv66dq4gdMMcwJXrHGZjbwQFCWYmYQCS9Z0&code_challenge_method=S256
[22:59:24] [main/INFO] (DevAuth/Microsoft) Fetched token oauth (Expiry: 2026-02-19T15:59:24Z or in 00:00:59:59)
[22:59:24] [main/INFO] (DevAuth/Microsoft) Fetched token xbl (Expiry: 2026-02-23T14:59:24Z or in 03:23:59:59)
[22:59:25] [main/INFO] (DevAuth/Microsoft) Fetched token xsts (Expiry: 2026-02-20T06:59:25Z or in 00:15:59:59)
[22:59:25] [main/INFO] (DevAuth/Microsoft) Fetched token session (Expiry: 2026-02-20T14:59:25Z or in 00:23:59:59)
[22:59:26] [main/INFO] (DevAuth) Successfully logged in as CreepilyCreep
[22:59:27] [Datafixer Bootstrap/INFO] (Minecraft) 226 Datafixer optimizations took 188 milliseconds
[22:59:30] [Render thread/INFO] (Minecraft) Environment: Environment[sessionHost=https://sessionserver.mojang.com, servicesHost=https://api.minecraftservices.com, name=PROD]
[22:59:31] [Render thread/INFO] (Minecraft) Setting user: CreepilyCreep
[22:59:31] [Render thread/INFO] (Mod Menu/Update Checker) Checking mod updates...
[22:59:31] [Render thread/INFO] (Indigo) [Indigo] Registering Indigo renderer!
[22:59:31] [Render thread/INFO] (Minecraft) Backend library: LWJGL version 3.3.3-snapshot
[22:59:32] [Render thread/INFO] (Minecraft) Reloading ResourceManager: vanilla, fabric, cloth-config, devauth, fabric-api, fabric-api-base, fabric-api-lookup-api-v1, fabric-biome-api-v1, fabric-block-api-v1, fabric-block-view-api-v2, fabric-blockrenderlayer-v1, fabric-client-tags-api-v1, fabric-command-api-v1, fabric-command-api-v2, fabric-commands-v0, fabric-content-registries-v0, fabric-convention-tags-v1, fabric-convention-tags-v2, fabric-crash-report-info-v1, fabric-data-attachment-api-v1, fabric-data-generation-api-v1, fabric-dimensions-v1, fabric-entity-events-v1, fabric-events-interaction-v0, fabric-game-rule-api-v1, fabric-item-api-v1, fabric-item-group-api-v1, fabric-key-binding-api-v1, fabric-keybindings-v0, fabric-lifecycle-events-v1, fabric-loot-api-v2, fabric-loot-api-v3, fabric-message-api-v1, fabric-model-loading-api-v1, fabric-networking-api-v1, fabric-object-builder-api-v1, fabric-particles-v1, fabric-recipe-api-v1, fabric-registry-sync-v0, fabric-renderer-api-v1, fabric-renderer-indigo, fabric-renderer-registries-v1, fabric-rendering-data-attachment-v1, fabric-rendering-fluids-v1, fabric-rendering-v0, fabric-rendering-v1, fabric-resource-conditions-api-v1, fabric-resource-loader-v0, fabric-screen-api-v1, fabric-screen-handler-api-v1, fabric-sound-api-v1, fabric-transfer-api-v1, fabric-transitive-access-wideners-v1, fabricloader, me_djtheredstoner_common, modmenu
[22:59:32] [Worker-Main-13/INFO] (Minecraft) Found unifont_all_no_pua-15.1.05.hex, loading
[22:59:32] [Worker-Main-1/INFO] (Minecraft) Found unifont_jp_patch-15.1.05.hex, loading
[22:59:33] [Render thread/WARN] (Minecraft) Missing sound for event: minecraft:item.goat_horn.play
[22:59:33] [Render thread/WARN] (Minecraft) Missing sound for event: minecraft:entity.goat.screaming.horn_break
[22:59:33] [Render thread/INFO] (Minecraft) OpenAL initialized on device OpenAL Soft on Voicemeeter Input (VB-Audio Voicemeeter VAIO)
[22:59:33] [Render thread/INFO] (Minecraft) Sound engine started
[22:59:33] [Render thread/INFO] (Minecraft) Created: 1024x512x4 minecraft:textures/atlas/blocks.png-atlas
[22:59:33] [Render thread/INFO] (Minecraft) Created: 256x256x4 minecraft:textures/atlas/signs.png-atlas
[22:59:33] [Render thread/INFO] (Minecraft) Created: 512x512x4 minecraft:textures/atlas/banner_patterns.png-atlas
[22:59:33] [Render thread/INFO] (Minecraft) Created: 512x512x4 minecraft:textures/atlas/shield_patterns.png-atlas
[22:59:33] [Render thread/INFO] (Minecraft) Created: 1024x1024x4 minecraft:textures/atlas/armor_trims.png-atlas
[22:59:33] [Render thread/INFO] (Minecraft) Created: 256x256x4 minecraft:textures/atlas/chest.png-atlas
[22:59:33] [Render thread/INFO] (Minecraft) Created: 128x64x4 minecraft:textures/atlas/decorated_pot.png-atlas
[22:59:33] [Render thread/INFO] (Minecraft) Created: 512x256x4 minecraft:textures/atlas/shulker_boxes.png-atlas
[22:59:33] [Render thread/INFO] (Minecraft) Created: 512x256x4 minecraft:textures/atlas/beds.png-atlas
[22:59:33] [Render thread/INFO] (Minecraft) Created: 512x256x0 minecraft:textures/atlas/particles.png-atlas
[22:59:33] [Render thread/INFO] (Minecraft) Created: 512x256x0 minecraft:textures/atlas/paintings.png-atlas
[22:59:33] [Render thread/INFO] (Minecraft) Created: 256x128x0 minecraft:textures/atlas/mob_effects.png-atlas
[22:59:33] [Render thread/INFO] (Minecraft) Created: 64x64x0 minecraft:textures/atlas/map_decorations.png-atlas
[22:59:33] [Render thread/INFO] (Minecraft) Created: 1024x512x0 minecraft:textures/atlas/gui.png-atlas
[22:59:33] [Render thread/WARN] (Minecraft) Shader rendertype_entity_translucent_emissive could not find sampler named Sampler2 in the specified shader program.
[22:59:47] [Render thread/INFO] (Minecraft) Connecting to play.civmc.net, 25565
[22:59:48] [Netty Client IO #1/WARN] (Minecraft) Unknown feature flag: minecraft:winter_drop
[22:59:50] [Render thread/INFO] (Minecraft) [System] [CHAT] You have engaged in combat. Type /ct to check your timer.
[22:59:50] [Render thread/INFO] (Minecraft) [System] [CHAT] You have been combat tagged on login
[22:59:50] [Render thread/INFO] (Minecraft) [System] [CHAT]               §f§a§i§r§x§a§e§r§o§x§a§e§r§o§w§m§n§e§t§h§e§r§i§s§f§a§i§r
[22:59:50] [Render thread/INFO] (Minecraft) [System] [CHAT] CreepilyCreep has joined the game
[22:59:50] [Render thread/INFO] (Minecraft) Loaded 1153 advancements
[22:59:50] [Render thread/WARN] (Minecraft) Received passengers for unknown entity
[22:59:51] [Render thread/INFO] (Minecraft) [System] [CHAT] [CivMC] Server is restarting for an update in 1 minute
[22:59:52] [Render thread/WARN] (Minecraft) Failed to load components: Not a string missed input: {"minecraft:item_name":{translate:"block.minecraft.ominous_banner"}}
[22:59:52] [Render thread/WARN] (Minecraft) Failed to load components: Not a string missed input: {"minecraft:item_name":{translate:"block.minecraft.ominous_banner"}}
[22:59:53] [Render thread/WARN] (Mod Menu | FabricMod) Warning! Mod tradex has a broken icon, loading default icon
[22:59:55] [Render thread/INFO] (Minecraft) [System] [CHAT] [!] §a⋆⋆⋆Lucinnefo: pls look at #i will voice act whatever you want my miku high range test it’s actually sorta nice for 2am voice cracks
[22:59:57] [Render thread/INFO] (Minecraft) [System] [CHAT] Azediel has left the game
[22:59:59] [Render thread/INFO] (Minecraft) [System] [CHAT] [!] Stick_Ix_Nex: Goodbye civ
[22:59:59] [Render thread/INFO] (Minecraft) [System] [CHAT] (1/1) exchanges present.
[22:59:59] [Render thread/INFO] (Minecraft) [System] [CHAT] Input: 1 Diamond
[22:59:59] [Render thread/INFO] (Minecraft) [System] [CHAT] Output: 1 Diamond Sword
[22:59:59] [Render thread/INFO] (Minecraft) [System] [CHAT] 29 exchanges available.
[22:59:59] [Render thread/INFO] (Minecraft) [System] [CHAT] [Tradex] Find other shops selling Diamond Sword
[22:59:59] [Render thread/INFO] (Minecraft) [System] [CHAT] §r§cReinforced at §a100% (2000/2000)§c health with §bDiamond§d
[23:00:01] [Render thread/WARN] (Minecraft) Client disconnected with reason: Server is restarting for an update
[23:16:43] [Render thread/INFO] (Minecraft) Connecting to play.civmc.net, 25565
[23:44:17] [Render thread/INFO] (Minecraft) Stopping!
